<?xml version="1.0" encoding="UTF-8"?>
<testng-results ignored="0" total="6" passed="5" failed="1" skipped="0">
  <reporter-output>
  </reporter-output>
  <suite started-at="2021-04-15T15:29:22 IST" name="Loan Department" finished-at="2021-04-15T15:29:22 IST" duration-ms="159">
    <groups>
      <group name="Smoke">
        <method signature="firstClass.SecondTest()[pri:0, instance:testA.firstClass@23f7d05d]" name="SecondTest" class="testA.firstClass"/>
        <method signature="SecondClass.Second()[pri:0, instance:testA.SecondClass@229d10bd]" name="Second" class="testA.SecondClass"/>
      </group> <!-- Smoke -->
    </groups>
    <test started-at="2021-04-15T15:29:22 IST" name="Home loan" finished-at="2021-04-15T15:29:22 IST" duration-ms="65">
      <class name="testA.ForthClass">
        <test-method signature="APILoginHomeLoan()[pri:0, instance:testA.ForthClass@23986957]" started-at="2021-04-15T15:29:22 IST" name="APILoginHomeLoan" finished-at="2021-04-15T15:29:22 IST" duration-ms="9" status="PASS">
          <reporter-output>
          </reporter-output>
        </test-method> <!-- APILoginHomeLoan -->
        <test-method signature="MobileLoginHomeLoan()[pri:0, instance:testA.ForthClass@23986957]" started-at="2021-04-15T15:29:22 IST" name="MobileLoginHomeLoan" finished-at="2021-04-15T15:29:22 IST" duration-ms="1" status="PASS">
          <reporter-output>
          </reporter-output>
        </test-method> <!-- MobileLoginHomeLoan -->
        <test-method signature="WebLoginHomeLoan()[pri:0, instance:testA.ForthClass@23986957]" started-at="2021-04-15T15:29:22 IST" name="WebLoginHomeLoan" finished-at="2021-04-15T15:29:22 IST" duration-ms="2" status="PASS">
          <reporter-output>
          </reporter-output>
        </test-method> <!-- WebLoginHomeLoan -->
      </class> <!-- testA.ForthClass -->
      <class name="testA.firstClass">
        <test-method signature="Demo()[pri:0, instance:testA.firstClass@23f7d05d]" started-at="2021-04-15T15:29:22 IST" name="Demo" finished-at="2021-04-15T15:29:22 IST" duration-ms="4" status="FAIL">
          <exception class="java.lang.AssertionError">
            <message>
              <![CDATA[expected [true] but found [false]]]>
            </message>
            <full-stacktrace>
              <![CDATA[java.lang.AssertionError: expected [true] but found [false]
at org.testng.Assert.fail(Assert.java:99)
at org.testng.Assert.failNotEquals(Assert.java:1037)
at org.testng.Assert.assertTrue(Assert.java:45)
at org.testng.Assert.assertTrue(Assert.java:55)
at testA.firstClass.Demo(firstClass.java:26)
at java.base/jdk.internal.reflect.NativeMethodAccessorImpl.invoke0(Native Method)
at java.base/jdk.internal.reflect.NativeMethodAccessorImpl.invoke(NativeMethodAccessorImpl.java:62)
at java.base/jdk.internal.reflect.DelegatingMethodAccessorImpl.invoke(DelegatingMethodAccessorImpl.java:43)
at java.base/java.lang.reflect.Method.invoke(Method.java:564)
at org.testng.internal.MethodInvocationHelper.invokeMethod(MethodInvocationHelper.java:132)
at org.testng.internal.TestInvoker.invokeMethod(TestInvoker.java:599)
at org.testng.internal.TestInvoker.invokeTestMethod(TestInvoker.java:174)
at org.testng.internal.MethodRunner.runInSequence(MethodRunner.java:46)
at org.testng.internal.TestInvoker$MethodInvocationAgent.invoke(TestInvoker.java:822)
at org.testng.internal.TestInvoker.invokeTestMethods(TestInvoker.java:147)
at org.testng.internal.TestMethodWorker.invokeTestMethods(TestMethodWorker.java:146)
at org.testng.internal.TestMethodWorker.run(TestMethodWorker.java:128)
at java.base/java.util.ArrayList.forEach(ArrayList.java:1511)
at org.testng.TestRunner.privateRun(TestRunner.java:764)
at org.testng.TestRunner.run(TestRunner.java:585)
at org.testng.SuiteRunner.runTest(SuiteRunner.java:384)
at org.testng.SuiteRunner.runSequentially(SuiteRunner.java:378)
at org.testng.SuiteRunner.privateRun(SuiteRunner.java:337)
at org.testng.SuiteRunner.run(SuiteRunner.java:286)
at org.testng.SuiteRunnerWorker.runSuite(SuiteRunnerWorker.java:53)
at org.testng.SuiteRunnerWorker.run(SuiteRunnerWorker.java:96)
at org.testng.TestNG.runSuitesSequentially(TestNG.java:1218)
at org.testng.TestNG.runSuitesLocally(TestNG.java:1140)
at org.testng.TestNG.runSuites(TestNG.java:1069)
at org.testng.TestNG.run(TestNG.java:1037)
at org.testng.remote.AbstractRemoteTestNG.run(AbstractRemoteTestNG.java:115)
at org.testng.remote.RemoteTestNG.initAndRun(RemoteTestNG.java:251)
at org.testng.remote.RemoteTestNG.main(RemoteTestNG.java:77)
]]>
            </full-stacktrace>
          </exception> <!-- java.lang.AssertionError -->
          <reporter-output>
          </reporter-output>
        </test-method> <!-- Demo -->
        <test-method signature="SecondTest()[pri:0, instance:testA.firstClass@23f7d05d]" started-at="2021-04-15T15:29:22 IST" name="SecondTest" finished-at="2021-04-15T15:29:22 IST" duration-ms="1" status="PASS">
          <reporter-output>
          </reporter-output>
        </test-method> <!-- SecondTest -->
        <test-method is-config="true" signature="lastExecution()[pri:0, instance:testA.firstClass@23f7d05d]" started-at="2021-04-15T15:29:22 IST" name="lastExecution" finished-at="2021-04-15T15:29:22 IST" duration-ms="2" status="PASS">
          <reporter-output>
          </reporter-output>
        </test-method> <!-- lastExecution -->
      </class> <!-- testA.firstClass -->
    </test> <!-- Home loan -->
    <test started-at="2021-04-15T15:29:22 IST" name="Car Loan" finished-at="2021-04-15T15:29:22 IST" duration-ms="4">
      <class name="testA.SecondClass">
        <test-method is-config="true" signature="prerequisite()[pri:0, instance:testA.SecondClass@229d10bd]" started-at="2021-04-15T15:29:22 IST" name="prerequisite" finished-at="2021-04-15T15:29:22 IST" duration-ms="0" status="PASS">
          <reporter-output>
          </reporter-output>
        </test-method> <!-- prerequisite -->
        <test-method signature="Second()[pri:0, instance:testA.SecondClass@229d10bd]" started-at="2021-04-15T15:29:22 IST" name="Second" finished-at="2021-04-15T15:29:22 IST" duration-ms="1" status="PASS">
          <reporter-output>
          </reporter-output>
        </test-method> <!-- Second -->
      </class> <!-- testA.SecondClass -->
      <class name="testA.firstClass">
        <test-method is-config="true" signature="afSuite()[pri:0, instance:testA.firstClass@23f7d05d]" started-at="2021-04-15T15:29:22 IST" name="afSuite" finished-at="2021-04-15T15:29:22 IST" duration-ms="0" status="PASS">
          <reporter-output>
          </reporter-output>
        </test-method> <!-- afSuite -->
      </class> <!-- testA.firstClass -->
    </test> <!-- Car Loan -->
  </suite> <!-- Loan Department -->
</testng-results>
